Release 14.7 - xst P.20131013 (lin64)
Copyright (c) 1995-2013 Xilinx, Inc.  All rights reserved.
--> 
Parameter TMPDIR set to xst/projnav.tmp


Total REAL time to Xst completion: 0.00 secs
Total CPU time to Xst completion: 0.14 secs
 
--> 
Parameter xsthdpdir set to xst


Total REAL time to Xst completion: 0.00 secs
Total CPU time to Xst completion: 0.14 secs
 
--> 
Reading design: arrray.prj

TABLE OF CONTENTS
  1) Synthesis Options Summary
  2) HDL Parsing
  3) HDL Elaboration
  4) HDL Synthesis
       4.1) HDL Synthesis Report
  5) Advanced HDL Synthesis
       5.1) Advanced HDL Synthesis Report
  6) Low Level Synthesis
  7) Partition Report
  8) Design Summary
       8.1) Primitive and Black Box Usage
       8.2) Device utilization summary
       8.3) Partition Resource Summary
       8.4) Timing Report
            8.4.1) Clock Information
            8.4.2) Asynchronous Control Signals Information
            8.4.3) Timing Summary
            8.4.4) Timing Details
            8.4.5) Cross Clock Domains Report


=========================================================================
*                      Synthesis Options Summary                        *
=========================================================================
---- Source Parameters
Input File Name                    : "arrray.prj"
Ignore Synthesis Constraint File   : NO

---- Target Parameters
Output File Name                   : "arrray"
Output Format                      : NGC
Target Device                      : xc6slx9-3-cpg196

---- Source Options
Top Module Name                    : arrray
Automatic FSM Extraction           : YES
FSM Encoding Algorithm             : Auto
Safe Implementation                : No
FSM Style                          : LUT
RAM Extraction                     : Yes
RAM Style                          : Auto
ROM Extraction                     : Yes
Shift Register Extraction          : YES
ROM Style                          : Auto
Resource Sharing                   : YES
Asynchronous To Synchronous        : NO
Shift Register Minimum Size        : 2
Use DSP Block                      : Auto
Automatic Register Balancing       : No

---- Target Options
LUT Combining                      : Auto
Reduce Control Sets                : Auto
Add IO Buffers                     : YES
Global Maximum Fanout              : 100000
Add Generic Clock Buffer(BUFG)     : 16
Register Duplication               : YES
Optimize Instantiated Primitives   : NO
Use Clock Enable                   : Auto
Use Synchronous Set                : Auto
Use Synchronous Reset              : Auto
Pack IO Registers into IOBs        : Auto
Equivalent register Removal        : YES

---- General Options
Optimization Goal                  : Speed
Optimization Effort                : 1
Power Reduction                    : NO
Keep Hierarchy                     : No
Netlist Hierarchy                  : As_Optimized
RTL Output                         : Yes
Global Optimization                : AllClockNets
Read Cores                         : YES
Write Timing Constraints           : NO
Cross Clock Analysis               : NO
Hierarchy Separator                : /
Bus Delimiter                      : <>
Case Specifier                     : Maintain
Slice Utilization Ratio            : 100
BRAM Utilization Ratio             : 100
DSP48 Utilization Ratio            : 100
Auto BRAM Packing                  : NO
Slice Utilization Ratio Delta      : 5

=========================================================================


=========================================================================
*                          HDL Parsing                                  *
=========================================================================
Parsing VHDL file "/home/bizhaan/my_files/projects/ise/prac10/prac10/FA.vhd" into library work
Parsing entity <FA>.
Parsing architecture <GateLevel> of entity <fa>.
Parsing VHDL file "/home/bizhaan/my_files/projects/ise/prac10/prac10/arrray.vhd" into library work
Parsing entity <arrray>.
Parsing architecture <GateLevel> of entity <arrray>.
WARNING:HDLCompiler:946 - "/home/bizhaan/my_files/projects/ise/prac10/prac10/arrray.vhd" Line 30: Actual for formal port x is neither a static name nor a globally static expression
WARNING:HDLCompiler:946 - "/home/bizhaan/my_files/projects/ise/prac10/prac10/arrray.vhd" Line 31: Actual for formal port y is neither a static name nor a globally static expression
WARNING:HDLCompiler:946 - "/home/bizhaan/my_files/projects/ise/prac10/prac10/arrray.vhd" Line 38: Actual for formal port x is neither a static name nor a globally static expression
WARNING:HDLCompiler:946 - "/home/bizhaan/my_files/projects/ise/prac10/prac10/arrray.vhd" Line 39: Actual for formal port y is neither a static name nor a globally static expression
WARNING:HDLCompiler:946 - "/home/bizhaan/my_files/projects/ise/prac10/prac10/arrray.vhd" Line 46: Actual for formal port x is neither a static name nor a globally static expression
WARNING:HDLCompiler:946 - "/home/bizhaan/my_files/projects/ise/prac10/prac10/arrray.vhd" Line 47: Actual for formal port y is neither a static name nor a globally static expression
WARNING:HDLCompiler:946 - "/home/bizhaan/my_files/projects/ise/prac10/prac10/arrray.vhd" Line 54: Actual for formal port x is neither a static name nor a globally static expression
WARNING:HDLCompiler:946 - "/home/bizhaan/my_files/projects/ise/prac10/prac10/arrray.vhd" Line 62: Actual for formal port x is neither a static name nor a globally static expression
WARNING:HDLCompiler:946 - "/home/bizhaan/my_files/projects/ise/prac10/prac10/arrray.vhd" Line 70: Actual for formal port x is neither a static name nor a globally static expression
WARNING:HDLCompiler:946 - "/home/bizhaan/my_files/projects/ise/prac10/prac10/arrray.vhd" Line 71: Actual for formal port y is neither a static name nor a globally static expression
WARNING:HDLCompiler:946 - "/home/bizhaan/my_files/projects/ise/prac10/prac10/arrray.vhd" Line 78: Actual for formal port x is neither a static name nor a globally static expression
WARNING:HDLCompiler:946 - "/home/bizhaan/my_files/projects/ise/prac10/prac10/arrray.vhd" Line 86: Actual for formal port x is neither a static name nor a globally static expression
WARNING:HDLCompiler:946 - "/home/bizhaan/my_files/projects/ise/prac10/prac10/arrray.vhd" Line 94: Actual for formal port x is neither a static name nor a globally static expression
WARNING:HDLCompiler:946 - "/home/bizhaan/my_files/projects/ise/prac10/prac10/arrray.vhd" Line 95: Actual for formal port y is neither a static name nor a globally static expression
WARNING:HDLCompiler:946 - "/home/bizhaan/my_files/projects/ise/prac10/prac10/arrray.vhd" Line 120: Actual for formal port z is neither a static name nor a globally static expression

=========================================================================
*                            HDL Elaboration                            *
=========================================================================

Elaborating entity <arrray> (architecture <GateLevel>) from library <work>.

Elaborating entity <FA> (architecture <GateLevel>) from library <work>.

=========================================================================
*                           HDL Synthesis                               *
=========================================================================

Synthesizing Unit <arrray>.
    Related source file is "/home/bizhaan/my_files/projects/ise/prac10/prac10/arrray.vhd".
    Summary:
	no macro.
Unit <arrray> synthesized.

Synthesizing Unit <FA>.
    Related source file is "/home/bizhaan/my_files/projects/ise/prac10/prac10/FA.vhd".
    Summary:
Unit <FA> synthesized.

=========================================================================
HDL Synthesis Report

Macro Statistics
# Xors                                                 : 24
 1-bit xor2                                            : 24

=========================================================================

=========================================================================
*                       Advanced HDL Synthesis                          *
=========================================================================


=========================================================================
Advanced HDL Synthesis Report

Macro Statistics
# Xors                                                 : 24
 1-bit xor2                                            : 24

=========================================================================

=========================================================================
*                         Low Level Synthesis                           *
=========================================================================

Optimizing unit <arrray> ...

Mapping all equations...
Building and optimizing final netlist ...
Found area constraint ratio of 100 (+ 5) on block arrray, actual ratio is 0.

Final Macro Processing ...

=========================================================================
Final Register Report

Found no macro
=========================================================================

=========================================================================
*                           Partition Report                            *
=========================================================================

Partition Implementation Status
-------------------------------

  No Partitions were found in this design.

-------------------------------

=========================================================================
*                            Design Summary                             *
=========================================================================

Top Level Output File Name         : arrray.ngc

Primitive and Black Box Usage:
------------------------------
# BELS                             : 21
#      LUT2                        : 5
#      LUT3                        : 1
#      LUT4                        : 3
#      LUT5                        : 3
#      LUT6                        : 9
# IO Buffers                       : 16
#      IBUF                        : 8
#      OBUF                        : 8

Device utilization summary:
---------------------------

Selected Device : 6slx9cpg196-3 


Slice Logic Utilization: 
 Number of Slice LUTs:                   21  out of   5720     0%  
    Number used as Logic:                21  out of   5720     0%  

Slice Logic Distribution: 
 Number of LUT Flip Flop pairs used:     21
   Number with an unused Flip Flop:      21  out of     21   100%  
   Number with an unused LUT:             0  out of     21     0%  
   Number of fully used LUT-FF pairs:     0  out of     21     0%  
   Number of unique control sets:         0

IO Utilization: 
 Number of IOs:                          16
 Number of bonded IOBs:                  16  out of    106    15%  

Specific Feature Utilization:

---------------------------
Partition Resource Summary:
---------------------------

  No Partitions were found in this design.

---------------------------


=========================================================================
Timing Report

NOTE: THESE TIMING NUMBERS ARE ONLY A SYNTHESIS ESTIMATE.
      FOR ACCURATE TIMING INFORMATION PLEASE REFER TO THE TRACE REPORT
      GENERATED AFTER PLACE-and-ROUTE.

Clock Information:
------------------
No clock signals found in this design

Asynchronous Control Signals Information:
----------------------------------------
No asynchronous control signals found in this design

Timing Summary:
---------------
Speed Grade: -3

   Minimum period: No path found
   Minimum input arrival time before clock: No path found
   Maximum output required time after clock: No path found
   Maximum combinational path delay: 9.105ns

Timing Details:
---------------
All values displayed in nanoseconds (ns)

=========================================================================
Timing constraint: Default path analysis
  Total number of paths / destination ports: 235 / 8
-------------------------------------------------------------------------
Delay:               9.105ns (Levels of Logic = 6)
  Source:            input1<3> (PAD)
  Destination:       output<7> (PAD)

  Data Path: input1<3> to output<7>
                                Gate     Net
    Cell:in->out      fanout   Delay   Delay  Logical Name (Net Name)
    ----------------------------------------  ------------
     IBUF:I->O             7   1.222   1.118  input1_3_IBUF (input1_3_IBUF)
     LUT5:I0->O            2   0.203   0.961  FA_6/Mxor_s_xo<0>1 (sum<3>)
     LUT6:I1->O            2   0.203   0.961  FA_8/Mxor_s_xo<0>1 (sum<4>)
     LUT5:I0->O            3   0.203   0.879  FA_10/x_y_AND_4_o1 (carry<9>)
     LUT6:I3->O            1   0.205   0.579  FA_12/c1 (output_7_OBUF)
     OBUF:I->O                 2.571          output_7_OBUF (output<7>)
    ----------------------------------------
    Total                      9.105ns (4.607ns logic, 4.498ns route)
                                       (50.6% logic, 49.4% route)

=========================================================================

Cross Clock Domains Report:
--------------------------

=========================================================================


Total REAL time to Xst completion: 18.00 secs
Total CPU time to Xst completion: 17.73 secs
 
--> 


Total memory usage is 367968 kilobytes

Number of errors   :    0 (   0 filtered)
Number of warnings :   15 (   0 filtered)
Number of infos    :    0 (   0 filtered)

