Running: C:\Xilinx\14.7\ISE_DS\ISE\bin\nt64\unwrapped\fuse.exe -intstyle ise -incremental -lib secureip -o C:/Users/Amir47/source/repos/ISE/session5/ripple_carry_adder_4bit_tb_isim_beh.exe -prj C:/Users/Amir47/source/repos/ISE/session5/ripple_carry_adder_4bit_tb_beh.prj work.ripple_carry_adder_4bit_tb 
ISim P.20131013 (signature 0x7708f090)
Number of CPUs detected in this system: 12
Turning on mult-threading, number of parallel sub-compilation jobs: 24 
Determining compilation order of HDL files
Parsing VHDL file "C:/Users/Amir47/source/repos/ISE/session5/../session2/and_gate.vhd" into library work
Parsing VHDL file "C:/Users/Amir47/source/repos/ISE/session5/../session1/xor_gate.vhd" into library work
Parsing VHDL file "C:/Users/Amir47/source/repos/ISE/session5/../session1/or_gate.vhd" into library work
Parsing VHDL file "C:/Users/Amir47/source/repos/ISE/session5/../session1/half_adder.vhd" into library work
Parsing VHDL file "C:/Users/Amir47/source/repos/ISE/session5/../session1/full_adder.vhd" into library work
Parsing VHDL file "C:/Users/Amir47/source/repos/ISE/session5/ripple_carry_adder_4bit.vhd" into library work
Parsing VHDL file "C:/Users/Amir47/source/repos/ISE/session5/ripple_carry_adder_4bit_tb.vhd" into library work
Starting static elaboration
Completed static elaboration
Compiling package standard
Compiling package std_logic_1164
Compiling architecture gatelevel of entity xor_gate [xor_gate_default]
Compiling architecture gatelevel of entity and_gate [and_gate_default]
Compiling architecture structure of entity half_adder [half_adder_default]
Compiling architecture gatelevel of entity or_gate [or_gate_default]
Compiling architecture structure of entity full_adder [full_adder_default]
Compiling architecture structure of entity ripple_carry_adder_4bit [ripple_carry_adder_4bit_default]
Compiling architecture behavior of entity ripple_carry_adder_4bit_tb
Time Resolution for simulation is 1ps.
Waiting for 1 sub-compilation(s) to finish...
WARNING:Simulator - Unable to copy libPortabilityNOSH.dll to the simulation executable directory: boost::filesystem::copy_file: The system cannot find the path specified, "isim\ripple_carry_adder_4bit_tb_isim_beh.exe.sim\libPortability.dll".
Compiled 15 VHDL Units
Built simulation executable C:/Users/Amir47/source/repos/ISE/session5/ripple_carry_adder_4bit_tb_isim_beh.exe
Fuse Memory Usage: 29744 KB
Fuse CPU Usage: 343 ms
