Release 14.7 - xst P.20131013 (nt64)
Copyright (c) 1995-2013 Xilinx, Inc.  All rights reserved.
--> Parameter TMPDIR set to xst/projnav.tmp


Total REAL time to Xst completion: 0.00 secs
Total CPU time to Xst completion: 0.09 secs
 
--> Parameter xsthdpdir set to xst


Total REAL time to Xst completion: 0.00 secs
Total CPU time to Xst completion: 0.09 secs
 
--> Reading design: dual_port_RAM.prj

TABLE OF CONTENTS
  1) Synthesis Options Summary
  2) HDL Parsing
  3) HDL Elaboration
  4) HDL Synthesis
       4.1) HDL Synthesis Report
  5) Advanced HDL Synthesis
       5.1) Advanced HDL Synthesis Report
  6) Low Level Synthesis
  7) Partition Report
  8) Design Summary
       8.1) Primitive and Black Box Usage
       8.2) Device utilization summary
       8.3) Partition Resource Summary
       8.4) Timing Report
            8.4.1) Clock Information
            8.4.2) Asynchronous Control Signals Information
            8.4.3) Timing Summary
            8.4.4) Timing Details
            8.4.5) Cross Clock Domains Report


=========================================================================
*                      Synthesis Options Summary                        *
=========================================================================
---- Source Parameters
Input File Name                    : "dual_port_RAM.prj"
Ignore Synthesis Constraint File   : NO

---- Target Parameters
Output File Name                   : "dual_port_RAM"
Output Format                      : NGC
Target Device                      : xa6slx4-3-csg225

---- Source Options
Top Module Name                    : dual_port_RAM
Automatic FSM Extraction           : YES
FSM Encoding Algorithm             : Auto
Safe Implementation                : No
FSM Style                          : LUT
RAM Extraction                     : Yes
RAM Style                          : Auto
ROM Extraction                     : Yes
Shift Register Extraction          : YES
ROM Style                          : Auto
Resource Sharing                   : YES
Asynchronous To Synchronous        : NO
Shift Register Minimum Size        : 2
Use DSP Block                      : Auto
Automatic Register Balancing       : No

---- Target Options
LUT Combining                      : Auto
Reduce Control Sets                : Auto
Add IO Buffers                     : YES
Global Maximum Fanout              : 100000
Add Generic Clock Buffer(BUFG)     : 16
Register Duplication               : YES
Optimize Instantiated Primitives   : NO
Use Clock Enable                   : Auto
Use Synchronous Set                : Auto
Use Synchronous Reset              : Auto
Pack IO Registers into IOBs        : Auto
Equivalent register Removal        : YES

---- General Options
Optimization Goal                  : Speed
Optimization Effort                : 1
Power Reduction                    : NO
Keep Hierarchy                     : No
Netlist Hierarchy                  : As_Optimized
RTL Output                         : Yes
Global Optimization                : AllClockNets
Read Cores                         : YES
Write Timing Constraints           : NO
Cross Clock Analysis               : NO
Hierarchy Separator                : /
Bus Delimiter                      : <>
Case Specifier                     : Maintain
Slice Utilization Ratio            : 100
BRAM Utilization Ratio             : 100
DSP48 Utilization Ratio            : 100
Auto BRAM Packing                  : NO
Slice Utilization Ratio Delta      : 5

=========================================================================


=========================================================================
*                          HDL Parsing                                  *
=========================================================================
Parsing VHDL file "C:\Users\Amir47\source\repos\ISE\session10\RAM_dual_port.vhd" into library work
Parsing entity <dual_port_RAM>.
Parsing architecture <arch> of entity <dual_port_ram>.

=========================================================================
*                            HDL Elaboration                            *
=========================================================================

Elaborating entity <dual_port_RAM> (architecture <arch>) with generics from library <work>.

=========================================================================
*                           HDL Synthesis                               *
=========================================================================

Synthesizing Unit <dual_port_RAM>.
    Related source file is "C:\Users\Amir47\source\repos\ISE\session10\RAM_dual_port.vhd".
        addr_width = 2
        data_width = 3
    Found 3-bit register for signal <ram_dual_port_ff_0>.
    Found 3-bit register for signal <ram_dual_port_ff_1>.
    Found 3-bit register for signal <ram_dual_port_ff_2>.
    Found 3-bit register for signal <ram_dual_port_ff_3>.
    Found 3-bit 4-to-1 multiplexer for signal <dout> created at line 34.
    Summary:
	inferred  12 D-type flip-flop(s).
	inferred   1 Multiplexer(s).
Unit <dual_port_RAM> synthesized.

=========================================================================
HDL Synthesis Report

Macro Statistics
# Registers                                            : 4
 3-bit register                                        : 4
# Multiplexers                                         : 1
 3-bit 4-to-1 multiplexer                              : 1

=========================================================================

=========================================================================
*                       Advanced HDL Synthesis                          *
=========================================================================


=========================================================================
Advanced HDL Synthesis Report

Macro Statistics
# Registers                                            : 12
 Flip-Flops                                            : 12
# Multiplexers                                         : 1
 3-bit 4-to-1 multiplexer                              : 1

=========================================================================

=========================================================================
*                         Low Level Synthesis                           *
=========================================================================

Optimizing unit <dual_port_RAM> ...

Mapping all equations...
Building and optimizing final netlist ...
Found area constraint ratio of 100 (+ 5) on block dual_port_RAM, actual ratio is 0.

Final Macro Processing ...

=========================================================================
Final Register Report

Macro Statistics
# Registers                                            : 12
 Flip-Flops                                            : 12

=========================================================================

=========================================================================
*                           Partition Report                            *
=========================================================================

Partition Implementation Status
-------------------------------

  No Partitions were found in this design.

-------------------------------

=========================================================================
*                            Design Summary                             *
=========================================================================

Top Level Output File Name         : dual_port_RAM.ngc

Primitive and Black Box Usage:
------------------------------
# BELS                             : 7
#      LUT3                        : 4
#      LUT6                        : 3
# FlipFlops/Latches                : 12
#      FDE                         : 12
# Clock Buffers                    : 1
#      BUFGP                       : 1
# IO Buffers                       : 11
#      IBUF                        : 8
#      OBUF                        : 3

Device utilization summary:
---------------------------

Selected Device : xa6slx4csg225-3 


Slice Logic Utilization: 
 Number of Slice Registers:              12  out of   4800     0%  
 Number of Slice LUTs:                    7  out of   2400     0%  
    Number used as Logic:                 7  out of   2400     0%  

Slice Logic Distribution: 
 Number of LUT Flip Flop pairs used:     14
   Number with an unused Flip Flop:       2  out of     14    14%  
   Number with an unused LUT:             7  out of     14    50%  
   Number of fully used LUT-FF pairs:     5  out of     14    35%  
   Number of unique control sets:         4

IO Utilization: 
 Number of IOs:                          12
 Number of bonded IOBs:                  12  out of    132     9%  

Specific Feature Utilization:
 Number of BUFG/BUFGCTRLs:                1  out of     16     6%  

---------------------------
Partition Resource Summary:
---------------------------

  No Partitions were found in this design.

---------------------------


=========================================================================
Timing Report

NOTE: THESE TIMING NUMBERS ARE ONLY A SYNTHESIS ESTIMATE.
      FOR ACCURATE TIMING INFORMATION PLEASE REFER TO THE TRACE REPORT
      GENERATED AFTER PLACE-and-ROUTE.

Clock Information:
------------------
-----------------------------------+------------------------+-------+
Clock Signal                       | Clock buffer(FF name)  | Load  |
-----------------------------------+------------------------+-------+
clk                                | BUFGP                  | 12    |
-----------------------------------+------------------------+-------+

Asynchronous Control Signals Information:
----------------------------------------
No asynchronous control signals found in this design

Timing Summary:
---------------
Speed Grade: -3

   Minimum period: No path found
   Minimum input arrival time before clock: 3.311ns
   Maximum output required time after clock: 4.627ns
   Maximum combinational path delay: 5.590ns

Timing Details:
---------------
All values displayed in nanoseconds (ns)

=========================================================================
Timing constraint: Default OFFSET IN BEFORE for Clock 'clk'
  Total number of paths / destination ports: 48 / 24
-------------------------------------------------------------------------
Offset:              3.311ns (Levels of Logic = 2)
  Source:            addr_wr<0> (PAD)
  Destination:       _o14_0 (FF)
  Destination Clock: clk rising

  Data Path: addr_wr<0> to _o14_0
                                Gate     Net
    Cell:in->out      fanout   Delay   Delay  Logical Name (Net Name)
    ----------------------------------------  ------------
     IBUF:I->O             4   1.222   0.912  addr_wr_0_IBUF (addr_wr_0_IBUF)
     LUT3:I0->O            3   0.205   0.650  _n00101 (_n0010)
     FDE:CE                    0.322          _o14_0
    ----------------------------------------
    Total                      3.311ns (1.749ns logic, 1.562ns route)
                                       (52.8% logic, 47.2% route)

=========================================================================
Timing constraint: Default OFFSET OUT AFTER for Clock 'clk'
  Total number of paths / destination ports: 12 / 3
-------------------------------------------------------------------------
Offset:              4.627ns (Levels of Logic = 2)
  Source:            _o14_2 (FF)
  Destination:       dout<2> (PAD)
  Source Clock:      clk rising

  Data Path: _o14_2 to dout<2>
                                Gate     Net
    Cell:in->out      fanout   Delay   Delay  Logical Name (Net Name)
    ----------------------------------------  ------------
     FDE:C->Q              1   0.447   0.827  _o14_2 (_o14_2)
     LUT6:I2->O            1   0.203   0.579  Mmux_dout31 (dout_2_OBUF)
     OBUF:I->O                 2.571          dout_2_OBUF (dout<2>)
    ----------------------------------------
    Total                      4.627ns (3.221ns logic, 1.406ns route)
                                       (69.6% logic, 30.4% route)

=========================================================================
Timing constraint: Default path analysis
  Total number of paths / destination ports: 6 / 3
-------------------------------------------------------------------------
Delay:               5.590ns (Levels of Logic = 3)
  Source:            addr_rd<0> (PAD)
  Destination:       dout<2> (PAD)

  Data Path: addr_rd<0> to dout<2>
                                Gate     Net
    Cell:in->out      fanout   Delay   Delay  Logical Name (Net Name)
    ----------------------------------------  ------------
     IBUF:I->O             3   1.222   1.015  addr_rd_0_IBUF (addr_rd_0_IBUF)
     LUT6:I0->O            1   0.203   0.579  Mmux_dout11 (dout_0_OBUF)
     OBUF:I->O                 2.571          dout_0_OBUF (dout<0>)
    ----------------------------------------
    Total                      5.590ns (3.996ns logic, 1.594ns route)
                                       (71.5% logic, 28.5% route)

=========================================================================

Cross Clock Domains Report:
--------------------------

=========================================================================


Total REAL time to Xst completion: 4.00 secs
Total CPU time to Xst completion: 3.72 secs
 
--> 

Total memory usage is 4486976 kilobytes

Number of errors   :    0 (   0 filtered)
Number of warnings :    0 (   0 filtered)
Number of infos    :    0 (   0 filtered)

